<?xml version="1.0" encoding="UTF-8"?>
<testsuite name="com.mini.mini_2.Mini2ApplicationTests" tests="1" skipped="0" failures="0" errors="0" timestamp="2025-10-24T07:30:34.830Z" hostname="DESKTOP-2G782G3" time="0.742">
  <properties/>
  <testcase name="contextLoads()" classname="com.mini.mini_2.Mini2ApplicationTests" time="0.742"/>
  <system-out><![CDATA[16:30:25.531 [Test worker] INFO org.springframework.test.context.support.AnnotationConfigContextLoaderUtils -- Could not detect default configuration classes for test class [com.mini.mini_2.Mini2ApplicationTests]: Mini2ApplicationTests does not declare any static, non-private, non-final, nested classes annotated with @Configuration.
16:30:25.659 [Test worker] INFO org.springframework.boot.test.context.SpringBootTestContextBootstrapper -- Found @SpringBootConfiguration com.mini.mini_2.Mini2Application for test class com.mini.mini_2.Mini2ApplicationTests

  .   ____          _            __ _ _
 /\\ / ___'_ __ _ _(_)_ __  __ _ \ \ \ \
( ( )\___ | '_ | '_| | '_ \/ _` | \ \ \ \
 \\/  ___)| |_)| | | | | || (_| |  ) ) ) )
  '  |____| .__|_| |_|_| |_\__, | / / / /
 =========|_|==============|___/=/_/_/_/
 :: Spring Boot ::                (v3.2.9)

2025-10-24T16:30:26.315+09:00  INFO 200896 --- [restarea-unit-service] [    Test worker] com.mini.mini_2.Mini2ApplicationTests    : Starting Mini2ApplicationTests using Java 17.0.16 with PID 200896 (started by seongmin in /home/seongmin/code/service/food-facility)
2025-10-24T16:30:26.317+09:00  INFO 200896 --- [restarea-unit-service] [    Test worker] com.mini.mini_2.Mini2ApplicationTests    : No active profile set, falling back to 1 default profile: "default"
2025-10-24T16:30:27.908+09:00  INFO 200896 --- [restarea-unit-service] [    Test worker] .s.d.r.c.RepositoryConfigurationDelegate : Multiple Spring Data modules found, entering strict repository configuration mode
2025-10-24T16:30:27.911+09:00  INFO 200896 --- [restarea-unit-service] [    Test worker] .s.d.r.c.RepositoryConfigurationDelegate : Bootstrapping Spring Data JPA repositories in DEFAULT mode.
2025-10-24T16:30:28.099+09:00  INFO 200896 --- [restarea-unit-service] [    Test worker] .s.d.r.c.RepositoryConfigurationDelegate : Finished Spring Data repository scanning in 176 ms. Found 2 JPA repository interfaces.
2025-10-24T16:30:28.126+09:00  INFO 200896 --- [restarea-unit-service] [    Test worker] .s.d.r.c.RepositoryConfigurationDelegate : Multiple Spring Data modules found, entering strict repository configuration mode
2025-10-24T16:30:28.127+09:00  INFO 200896 --- [restarea-unit-service] [    Test worker] .s.d.r.c.RepositoryConfigurationDelegate : Bootstrapping Spring Data Redis repositories in DEFAULT mode.
2025-10-24T16:30:28.151+09:00  INFO 200896 --- [restarea-unit-service] [    Test worker] .RepositoryConfigurationExtensionSupport : Spring Data Redis - Could not safely identify store assignment for repository candidate interface com.mini.mini_2.facility.repository.FacilityRepository; If you want this repository to be a Redis repository, consider annotating your entities with one of these annotations: org.springframework.data.redis.core.RedisHash (preferred), or consider extending one of the following types with your repository: org.springframework.data.keyvalue.repository.KeyValueRepository
2025-10-24T16:30:28.152+09:00  INFO 200896 --- [restarea-unit-service] [    Test worker] .RepositoryConfigurationExtensionSupport : Spring Data Redis - Could not safely identify store assignment for repository candidate interface com.mini.mini_2.food.repository.FoodRepository; If you want this repository to be a Redis repository, consider annotating your entities with one of these annotations: org.springframework.data.redis.core.RedisHash (preferred), or consider extending one of the following types with your repository: org.springframework.data.keyvalue.repository.KeyValueRepository
2025-10-24T16:30:28.153+09:00  INFO 200896 --- [restarea-unit-service] [    Test worker] .s.d.r.c.RepositoryConfigurationDelegate : Finished Spring Data repository scanning in 14 ms. Found 0 Redis repository interfaces.
2025-10-24T16:30:28.618+09:00  WARN 200896 --- [restarea-unit-service] [    Test worker] o.m.s.mapper.ClassPathMapperScanner      : No MyBatis mapper was found in '[com.mini.mini_2]' package. Please check your configuration.
2025-10-24T16:30:28.716+09:00  INFO 200896 --- [restarea-unit-service] [    Test worker] o.s.cloud.context.scope.GenericScope     : BeanFactory id=545a1c7d-e954-33c5-91cb-fe51e3125a76
2025-10-24T16:30:28.986+09:00  WARN 200896 --- [restarea-unit-service] [    Test worker] trationDelegate$BeanPostProcessorChecker : Bean 'org.springframework.cloud.client.loadbalancer.LoadBalancerAutoConfiguration$LoadBalancerInterceptorConfig' of type [org.springframework.cloud.client.loadbalancer.LoadBalancerAutoConfiguration$LoadBalancerInterceptorConfig] is not eligible for getting processed by all BeanPostProcessors (for example: not eligible for auto-proxying). The currently created BeanPostProcessor [lbRestClientPostProcessor] is declared through a non-static factory method on that class; consider declaring it as static instead.
2025-10-24T16:30:28.991+09:00  WARN 200896 --- [restarea-unit-service] [    Test worker] trationDelegate$BeanPostProcessorChecker : Bean 'org.springframework.cloud.loadbalancer.config.BlockingLoadBalancerClientAutoConfiguration' of type [org.springframework.cloud.loadbalancer.config.BlockingLoadBalancerClientAutoConfiguration] is not eligible for getting processed by all BeanPostProcessors (for example: not eligible for auto-proxying). Is this bean getting eagerly injected into a currently created BeanPostProcessor [lbRestClientPostProcessor]? Check the corresponding BeanPostProcessor declaration and its dependencies.
2025-10-24T16:30:28.994+09:00  WARN 200896 --- [restarea-unit-service] [    Test worker] trationDelegate$BeanPostProcessorChecker : Bean 'org.springframework.cloud.loadbalancer.config.LoadBalancerAutoConfiguration' of type [org.springframework.cloud.loadbalancer.config.LoadBalancerAutoConfiguration] is not eligible for getting processed by all BeanPostProcessors (for example: not eligible for auto-proxying). Is this bean getting eagerly injected into a currently created BeanPostProcessor [lbRestClientPostProcessor]? Check the corresponding BeanPostProcessor declaration and its dependencies.
2025-10-24T16:30:29.004+09:00  WARN 200896 --- [restarea-unit-service] [    Test worker] trationDelegate$BeanPostProcessorChecker : Bean 'org.springframework.cloud.commons.config.CommonsConfigAutoConfiguration' of type [org.springframework.cloud.commons.config.CommonsConfigAutoConfiguration] is not eligible for getting processed by all BeanPostProcessors (for example: not eligible for auto-proxying). Is this bean getting eagerly injected into a currently created BeanPostProcessor [lbRestClientPostProcessor]? Check the corresponding BeanPostProcessor declaration and its dependencies.
2025-10-24T16:30:29.010+09:00  WARN 200896 --- [restarea-unit-service] [    Test worker] trationDelegate$BeanPostProcessorChecker : Bean 'org.springframework.cloud.client.loadbalancer.LoadBalancerDefaultMappingsProviderAutoConfiguration' of type [org.springframework.cloud.client.loadbalancer.LoadBalancerDefaultMappingsProviderAutoConfiguration] is not eligible for getting processed by all BeanPostProcessors (for example: not eligible for auto-proxying). Is this bean getting eagerly injected into a currently created BeanPostProcessor [lbRestClientPostProcessor]? Check the corresponding BeanPostProcessor declaration and its dependencies.
2025-10-24T16:30:29.011+09:00  WARN 200896 --- [restarea-unit-service] [    Test worker] trationDelegate$BeanPostProcessorChecker : Bean 'loadBalancerClientsDefaultsMappingsProvider' of type [org.springframework.cloud.client.loadbalancer.LoadBalancerDefaultMappingsProviderAutoConfiguration$$Lambda$1002/0x000075ec80588d40] is not eligible for getting processed by all BeanPostProcessors (for example: not eligible for auto-proxying). Is this bean getting eagerly injected into a currently created BeanPostProcessor [lbRestClientPostProcessor]? Check the corresponding BeanPostProcessor declaration and its dependencies.
2025-10-24T16:30:29.014+09:00  WARN 200896 --- [restarea-unit-service] [    Test worker] trationDelegate$BeanPostProcessorChecker : Bean 'defaultsBindHandlerAdvisor' of type [org.springframework.cloud.commons.config.DefaultsBindHandlerAdvisor] is not eligible for getting processed by all BeanPostProcessors (for example: not eligible for auto-proxying). Is this bean getting eagerly injected into a currently created BeanPostProcessor [lbRestClientPostProcessor]? Check the corresponding BeanPostProcessor declaration and its dependencies.
2025-10-24T16:30:29.026+09:00  WARN 200896 --- [restarea-unit-service] [    Test worker] trationDelegate$BeanPostProcessorChecker : Bean 'spring.cloud.loadbalancer-org.springframework.cloud.client.loadbalancer.LoadBalancerClientsProperties' of type [org.springframework.cloud.client.loadbalancer.LoadBalancerClientsProperties] is not eligible for getting processed by all BeanPostProcessors (for example: not eligible for auto-proxying). Is this bean getting eagerly injected into a currently created BeanPostProcessor [lbRestClientPostProcessor]? Check the corresponding BeanPostProcessor declaration and its dependencies.
2025-10-24T16:30:29.034+09:00  WARN 200896 --- [restarea-unit-service] [    Test worker] trationDelegate$BeanPostProcessorChecker : Bean 'default.org.springframework.cloud.loadbalancer.config.LoadBalancerAutoConfiguration.LoadBalancerClientSpecification' of type [org.springframework.cloud.loadbalancer.annotation.LoadBalancerClientSpecification] is not eligible for getting processed by all BeanPostProcessors (for example: not eligible for auto-proxying). Is this bean getting eagerly injected into a currently created BeanPostProcessor [lbRestClientPostProcessor]? Check the corresponding BeanPostProcessor declaration and its dependencies.
2025-10-24T16:30:29.036+09:00  WARN 200896 --- [restarea-unit-service] [    Test worker] trationDelegate$BeanPostProcessorChecker : Bean 'default.org.springframework.cloud.loadbalancer.config.BlockingLoadBalancerClientAutoConfiguration.LoadBalancerClientSpecification' of type [org.springframework.cloud.loadbalancer.annotation.LoadBalancerClientSpecification] is not eligible for getting processed by all BeanPostProcessors (for example: not eligible for auto-proxying). Is this bean getting eagerly injected into a currently created BeanPostProcessor [lbRestClientPostProcessor]? Check the corresponding BeanPostProcessor declaration and its dependencies.
2025-10-24T16:30:29.038+09:00  WARN 200896 --- [restarea-unit-service] [    Test worker] trationDelegate$BeanPostProcessorChecker : Bean 'default.org.springframework.cloud.netflix.eureka.loadbalancer.LoadBalancerEurekaAutoConfiguration.LoadBalancerClientSpecification' of type [org.springframework.cloud.loadbalancer.annotation.LoadBalancerClientSpecification] is not eligible for getting processed by all BeanPostProcessors (for example: not eligible for auto-proxying). Is this bean getting eagerly injected into a currently created BeanPostProcessor [lbRestClientPostProcessor]? Check the corresponding BeanPostProcessor declaration and its dependencies.
2025-10-24T16:30:29.040+09:00  WARN 200896 --- [restarea-unit-service] [    Test worker] trationDelegate$BeanPostProcessorChecker : Bean 'loadBalancerClientFactory' of type [org.springframework.cloud.loadbalancer.support.LoadBalancerClientFactory] is not eligible for getting processed by all BeanPostProcessors (for example: not eligible for auto-proxying). Is this bean getting eagerly injected into a currently created BeanPostProcessor [lbRestClientPostProcessor]? Check the corresponding BeanPostProcessor declaration and its dependencies.
2025-10-24T16:30:29.044+09:00  WARN 200896 --- [restarea-unit-service] [    Test worker] trationDelegate$BeanPostProcessorChecker : Bean 'blockingLoadBalancerClient' of type [org.springframework.cloud.loadbalancer.blocking.client.BlockingLoadBalancerClient] is not eligible for getting processed by all BeanPostProcessors (for example: not eligible for auto-proxying). Is this bean getting eagerly injected into a currently created BeanPostProcessor [lbRestClientPostProcessor]? Check the corresponding BeanPostProcessor declaration and its dependencies.
2025-10-24T16:30:29.053+09:00  WARN 200896 --- [restarea-unit-service] [    Test worker] trationDelegate$BeanPostProcessorChecker : Bean 'loadBalancerServiceInstanceCookieTransformer' of type [org.springframework.cloud.loadbalancer.core.LoadBalancerServiceInstanceCookieTransformer] is not eligible for getting processed by all BeanPostProcessors (for example: not eligible for auto-proxying). Is this bean getting eagerly injected into a currently created BeanPostProcessor [lbRestClientPostProcessor]? Check the corresponding BeanPostProcessor declaration and its dependencies.
2025-10-24T16:30:29.056+09:00  WARN 200896 --- [restarea-unit-service] [    Test worker] trationDelegate$BeanPostProcessorChecker : Bean 'xForwarderHeadersTransformer' of type [org.springframework.cloud.loadbalancer.blocking.XForwardedHeadersTransformer] is not eligible for getting processed by all BeanPostProcessors (for example: not eligible for auto-proxying). Is this bean getting eagerly injected into a currently created BeanPostProcessor [lbRestClientPostProcessor]? Check the corresponding BeanPostProcessor declaration and its dependencies.
2025-10-24T16:30:29.057+09:00  WARN 200896 --- [restarea-unit-service] [    Test worker] trationDelegate$BeanPostProcessorChecker : Bean 'org.springframework.cloud.client.loadbalancer.LoadBalancerAutoConfiguration' of type [org.springframework.cloud.client.loadbalancer.LoadBalancerAutoConfiguration] is not eligible for getting processed by all BeanPostProcessors (for example: not eligible for auto-proxying). Is this bean getting eagerly injected into a currently created BeanPostProcessor [lbRestClientPostProcessor]? Check the corresponding BeanPostProcessor declaration and its dependencies.
2025-10-24T16:30:29.060+09:00  WARN 200896 --- [restarea-unit-service] [    Test worker] trationDelegate$BeanPostProcessorChecker : Bean 'loadBalancerRequestFactory' of type [org.springframework.cloud.client.loadbalancer.LoadBalancerRequestFactory] is not eligible for getting processed by all BeanPostProcessors (for example: not eligible for auto-proxying). Is this bean getting eagerly injected into a currently created BeanPostProcessor [lbRestClientPostProcessor]? Check the corresponding BeanPostProcessor declaration and its dependencies.
2025-10-24T16:30:29.062+09:00  WARN 200896 --- [restarea-unit-service] [    Test worker] trationDelegate$BeanPostProcessorChecker : Bean 'loadBalancerInterceptor' of type [org.springframework.cloud.client.loadbalancer.LoadBalancerInterceptor] is not eligible for getting processed by all BeanPostProcessors (for example: not eligible for auto-proxying). Is this bean getting eagerly injected into a currently created BeanPostProcessor [lbRestClientPostProcessor]? Check the corresponding BeanPostProcessor declaration and its dependencies.
2025-10-24T16:30:29.064+09:00  WARN 200896 --- [restarea-unit-service] [    Test worker] trationDelegate$BeanPostProcessorChecker : Bean 'org.springframework.cloud.client.loadbalancer.reactive.LoadBalancerBeanPostProcessorAutoConfiguration' of type [org.springframework.cloud.client.loadbalancer.reactive.LoadBalancerBeanPostProcessorAutoConfiguration] is not eligible for getting processed by all BeanPostProcessors (for example: not eligible for auto-proxying). The currently created BeanPostProcessor [loadBalancerWebClientBuilderBeanPostProcessor] is declared through a non-static factory method on that class; consider declaring it as static instead.
2025-10-24T16:30:29.066+09:00  WARN 200896 --- [restarea-unit-service] [    Test worker] trationDelegate$BeanPostProcessorChecker : Bean 'org.springframework.cloud.client.loadbalancer.reactive.LoadBalancerBeanPostProcessorAutoConfiguration$ReactorDeferringLoadBalancerFilterConfig' of type [org.springframework.cloud.client.loadbalancer.reactive.LoadBalancerBeanPostProcessorAutoConfiguration$ReactorDeferringLoadBalancerFilterConfig] is not eligible for getting processed by all BeanPostProcessors (for example: not eligible for auto-proxying). Is this bean getting eagerly injected into a currently created BeanPostProcessor [loadBalancerWebClientBuilderBeanPostProcessor]? Check the corresponding BeanPostProcessor declaration and its dependencies.
2025-10-24T16:30:29.067+09:00  WARN 200896 --- [restarea-unit-service] [    Test worker] trationDelegate$BeanPostProcessorChecker : Bean 'reactorDeferringLoadBalancerExchangeFilterFunction' of type [org.springframework.cloud.client.loadbalancer.reactive.DeferringLoadBalancerExchangeFilterFunction] is not eligible for getting processed by all BeanPostProcessors (for example: not eligible for auto-proxying). Is this bean getting eagerly injected into a currently created BeanPostProcessor [loadBalancerWebClientBuilderBeanPostProcessor]? Check the corresponding BeanPostProcessor declaration and its dependencies.
2025-10-24T16:30:29.264+09:00  INFO 200896 --- [restarea-unit-service] [    Test worker] o.hibernate.jpa.internal.util.LogHelper  : HHH000204: Processing PersistenceUnitInfo [name: default]
2025-10-24T16:30:29.331+09:00  INFO 200896 --- [restarea-unit-service] [    Test worker] org.hibernate.Version                    : HHH000412: Hibernate ORM core version 6.4.10.Final
2025-10-24T16:30:29.397+09:00  INFO 200896 --- [restarea-unit-service] [    Test worker] o.h.c.internal.RegionFactoryInitiator    : HHH000026: Second-level cache disabled
2025-10-24T16:30:29.754+09:00  INFO 200896 --- [restarea-unit-service] [    Test worker] o.s.o.j.p.SpringPersistenceUnitInfo      : No LoadTimeWeaver setup: ignoring JPA class transformer
2025-10-24T16:30:29.793+09:00  INFO 200896 --- [restarea-unit-service] [    Test worker] com.zaxxer.hikari.HikariDataSource       : HikariPool-1 - Starting...
2025-10-24T16:30:29.992+09:00  INFO 200896 --- [restarea-unit-service] [    Test worker] com.zaxxer.hikari.pool.HikariPool        : HikariPool-1 - Added connection org.mariadb.jdbc.Connection@5f01fb5c
2025-10-24T16:30:29.996+09:00  INFO 200896 --- [restarea-unit-service] [    Test worker] com.zaxxer.hikari.HikariDataSource       : HikariPool-1 - Start completed.
2025-10-24T16:30:30.042+09:00  WARN 200896 --- [restarea-unit-service] [    Test worker] org.hibernate.dialect.Dialect            : HHH000511: The 10.3.0 version for [org.hibernate.dialect.MariaDBDialect] is no longer supported, hence certain features may not work properly. The minimum supported version is 10.4.0. Check the community dialects project for available legacy versions.
2025-10-24T16:30:30.048+09:00  WARN 200896 --- [restarea-unit-service] [    Test worker] org.hibernate.orm.deprecation            : HHH90000025: MariaDBDialect does not need to be specified explicitly using 'hibernate.dialect' (remove the property setting and it will be selected by default)
2025-10-24T16:30:30.995+09:00  INFO 200896 --- [restarea-unit-service] [    Test worker] o.h.e.t.j.p.i.JtaPlatformInitiator       : HHH000489: No JTA platform available (set 'hibernate.transaction.jta.platform' to enable JTA platform integration)
2025-10-24T16:30:30.999+09:00  INFO 200896 --- [restarea-unit-service] [    Test worker] j.LocalContainerEntityManagerFactoryBean : Initialized JPA EntityManagerFactory for persistence unit 'default'
2025-10-24T16:30:31.903+09:00  WARN 200896 --- [restarea-unit-service] [    Test worker] JpaBaseConfiguration$JpaWebConfiguration : spring.jpa.open-in-view is enabled by default. Therefore, database queries may be performed during view rendering. Explicitly configure spring.jpa.open-in-view to disable this warning
2025-10-24T16:30:33.852+09:00  INFO 200896 --- [restarea-unit-service] [    Test worker] DiscoveryClientOptionalArgsConfiguration : Eureka HTTP Client uses RestTemplate.
2025-10-24T16:30:34.036+09:00  INFO 200896 --- [restarea-unit-service] [    Test worker] o.s.c.n.eureka.InstanceInfoFactory       : Setting initial instance status as: STARTING
2025-10-24T16:30:34.163+09:00  INFO 200896 --- [restarea-unit-service] [    Test worker] com.netflix.discovery.DiscoveryClient    : Initializing Eureka in region us-east-1
2025-10-24T16:30:34.171+09:00  INFO 200896 --- [restarea-unit-service] [    Test worker] c.n.d.s.r.aws.ConfigClusterResolver      : Resolving eureka endpoints via configuration
2025-10-24T16:30:34.220+09:00  INFO 200896 --- [restarea-unit-service] [    Test worker] com.netflix.discovery.DiscoveryClient    : Disable delta property : false
2025-10-24T16:30:34.220+09:00  INFO 200896 --- [restarea-unit-service] [    Test worker] com.netflix.discovery.DiscoveryClient    : Single vip registry refresh property : null
2025-10-24T16:30:34.220+09:00  INFO 200896 --- [restarea-unit-service] [    Test worker] com.netflix.discovery.DiscoveryClient    : Force full registry fetch : false
2025-10-24T16:30:34.220+09:00  INFO 200896 --- [restarea-unit-service] [    Test worker] com.netflix.discovery.DiscoveryClient    : Application is null : false
2025-10-24T16:30:34.220+09:00  INFO 200896 --- [restarea-unit-service] [    Test worker] com.netflix.discovery.DiscoveryClient    : Registered Applications size is zero : true
2025-10-24T16:30:34.220+09:00  INFO 200896 --- [restarea-unit-service] [    Test worker] com.netflix.discovery.DiscoveryClient    : Application version is -1: true
2025-10-24T16:30:34.221+09:00  INFO 200896 --- [restarea-unit-service] [    Test worker] com.netflix.discovery.DiscoveryClient    : Getting all instance registry info from the eureka server
2025-10-24T16:30:34.760+09:00  INFO 200896 --- [restarea-unit-service] [    Test worker] com.netflix.discovery.DiscoveryClient    : The response status is 200
2025-10-24T16:30:34.765+09:00  INFO 200896 --- [restarea-unit-service] [    Test worker] com.netflix.discovery.DiscoveryClient    : Starting heartbeat executor: renew interval is: 30
2025-10-24T16:30:34.769+09:00  INFO 200896 --- [restarea-unit-service] [    Test worker] c.n.discovery.InstanceInfoReplicator     : InstanceInfoReplicator onDemand update allowed rate per min is 4
2025-10-24T16:30:34.775+09:00  INFO 200896 --- [restarea-unit-service] [    Test worker] com.netflix.discovery.DiscoveryClient    : Discovery Client initialized at timestamp 1761291034774 with initial instances count: 5
2025-10-24T16:30:34.780+09:00  INFO 200896 --- [restarea-unit-service] [    Test worker] o.s.c.n.e.s.EurekaServiceRegistry        : Registering application RESTAREA-UNIT-SERVICE with eureka with status UP
2025-10-24T16:30:34.781+09:00  INFO 200896 --- [restarea-unit-service] [    Test worker] com.netflix.discovery.DiscoveryClient    : Saw local status change event StatusChangeEvent [timestamp=1761291034781, current=UP, previous=STARTING]
2025-10-24T16:30:34.784+09:00  INFO 200896 --- [restarea-unit-service] [nfoReplicator-0] com.netflix.discovery.DiscoveryClient    : DiscoveryClient_RESTAREA-UNIT-SERVICE/10.255.255.254:restarea-unit-service:8080: registering service...
2025-10-24T16:30:34.807+09:00  INFO 200896 --- [restarea-unit-service] [    Test worker] com.mini.mini_2.Mini2ApplicationTests    : Started Mini2ApplicationTests in 8.952 seconds (process running for 11.23)
2025-10-24T16:30:34.839+09:00  INFO 200896 --- [restarea-unit-service] [nfoReplicator-0] com.netflix.discovery.DiscoveryClient    : DiscoveryClient_RESTAREA-UNIT-SERVICE/10.255.255.254:restarea-unit-service:8080 - registration status: 204
]]></system-out>
  <system-err><![CDATA[]]></system-err>
</testsuite>
