<?xml version="1.0" encoding="UTF-8"?>
<testsuite name="com.mini.mini_2.Mini2ApplicationTests" tests="1" skipped="0" failures="0" errors="0" timestamp="2025-10-24T08:08:24.473Z" hostname="DESKTOP-2G782G3" time="0.841">
  <properties/>
  <testcase name="contextLoads()" classname="com.mini.mini_2.Mini2ApplicationTests" time="0.841"/>
  <system-out><![CDATA[17:08:14.075 [Test worker] INFO org.springframework.test.context.support.AnnotationConfigContextLoaderUtils -- Could not detect default configuration classes for test class [com.mini.mini_2.Mini2ApplicationTests]: Mini2ApplicationTests does not declare any static, non-private, non-final, nested classes annotated with @Configuration.
17:08:14.250 [Test worker] INFO org.springframework.boot.test.context.SpringBootTestContextBootstrapper -- Found @SpringBootConfiguration com.mini.mini_2.Mini2Application for test class com.mini.mini_2.Mini2ApplicationTests

  .   ____          _            __ _ _
 /\\ / ___'_ __ _ _(_)_ __  __ _ \ \ \ \
( ( )\___ | '_ | '_| | '_ \/ _` | \ \ \ \
 \\/  ___)| |_)| | | | | || (_| |  ) ) ) )
  '  |____| .__|_| |_|_| |_\__, | / / / /
 =========|_|==============|___/=/_/_/_/
 :: Spring Boot ::                (v3.2.9)

2025-10-24T17:08:14.956+09:00  INFO 218109 --- [restarea-unit-service] [    Test worker] com.mini.mini_2.Mini2ApplicationTests    : Starting Mini2ApplicationTests using Java 17.0.16 with PID 218109 (started by seongmin in /home/seongmin/code/service/food-facility)
2025-10-24T17:08:14.958+09:00  INFO 218109 --- [restarea-unit-service] [    Test worker] com.mini.mini_2.Mini2ApplicationTests    : No active profile set, falling back to 1 default profile: "default"
2025-10-24T17:08:16.483+09:00  INFO 218109 --- [restarea-unit-service] [    Test worker] .s.d.r.c.RepositoryConfigurationDelegate : Multiple Spring Data modules found, entering strict repository configuration mode
2025-10-24T17:08:16.486+09:00  INFO 218109 --- [restarea-unit-service] [    Test worker] .s.d.r.c.RepositoryConfigurationDelegate : Bootstrapping Spring Data JPA repositories in DEFAULT mode.
2025-10-24T17:08:16.675+09:00  INFO 218109 --- [restarea-unit-service] [    Test worker] .s.d.r.c.RepositoryConfigurationDelegate : Finished Spring Data repository scanning in 176 ms. Found 2 JPA repository interfaces.
2025-10-24T17:08:16.705+09:00  INFO 218109 --- [restarea-unit-service] [    Test worker] .s.d.r.c.RepositoryConfigurationDelegate : Multiple Spring Data modules found, entering strict repository configuration mode
2025-10-24T17:08:16.707+09:00  INFO 218109 --- [restarea-unit-service] [    Test worker] .s.d.r.c.RepositoryConfigurationDelegate : Bootstrapping Spring Data Redis repositories in DEFAULT mode.
2025-10-24T17:08:16.730+09:00  INFO 218109 --- [restarea-unit-service] [    Test worker] .RepositoryConfigurationExtensionSupport : Spring Data Redis - Could not safely identify store assignment for repository candidate interface com.mini.mini_2.facility.repository.FacilityRepository; If you want this repository to be a Redis repository, consider annotating your entities with one of these annotations: org.springframework.data.redis.core.RedisHash (preferred), or consider extending one of the following types with your repository: org.springframework.data.keyvalue.repository.KeyValueRepository
2025-10-24T17:08:16.731+09:00  INFO 218109 --- [restarea-unit-service] [    Test worker] .RepositoryConfigurationExtensionSupport : Spring Data Redis - Could not safely identify store assignment for repository candidate interface com.mini.mini_2.food.repository.FoodRepository; If you want this repository to be a Redis repository, consider annotating your entities with one of these annotations: org.springframework.data.redis.core.RedisHash (preferred), or consider extending one of the following types with your repository: org.springframework.data.keyvalue.repository.KeyValueRepository
2025-10-24T17:08:16.732+09:00  INFO 218109 --- [restarea-unit-service] [    Test worker] .s.d.r.c.RepositoryConfigurationDelegate : Finished Spring Data repository scanning in 11 ms. Found 0 Redis repository interfaces.
2025-10-24T17:08:17.093+09:00  WARN 218109 --- [restarea-unit-service] [    Test worker] o.m.s.mapper.ClassPathMapperScanner      : No MyBatis mapper was found in '[com.mini.mini_2]' package. Please check your configuration.
2025-10-24T17:08:17.226+09:00  INFO 218109 --- [restarea-unit-service] [    Test worker] o.s.cloud.context.scope.GenericScope     : BeanFactory id=545a1c7d-e954-33c5-91cb-fe51e3125a76
2025-10-24T17:08:17.492+09:00  WARN 218109 --- [restarea-unit-service] [    Test worker] trationDelegate$BeanPostProcessorChecker : Bean 'org.springframework.cloud.client.loadbalancer.LoadBalancerAutoConfiguration$LoadBalancerInterceptorConfig' of type [org.springframework.cloud.client.loadbalancer.LoadBalancerAutoConfiguration$LoadBalancerInterceptorConfig] is not eligible for getting processed by all BeanPostProcessors (for example: not eligible for auto-proxying). The currently created BeanPostProcessor [lbRestClientPostProcessor] is declared through a non-static factory method on that class; consider declaring it as static instead.
2025-10-24T17:08:17.497+09:00  WARN 218109 --- [restarea-unit-service] [    Test worker] trationDelegate$BeanPostProcessorChecker : Bean 'org.springframework.cloud.loadbalancer.config.BlockingLoadBalancerClientAutoConfiguration' of type [org.springframework.cloud.loadbalancer.config.BlockingLoadBalancerClientAutoConfiguration] is not eligible for getting processed by all BeanPostProcessors (for example: not eligible for auto-proxying). Is this bean getting eagerly injected into a currently created BeanPostProcessor [lbRestClientPostProcessor]? Check the corresponding BeanPostProcessor declaration and its dependencies.
2025-10-24T17:08:17.500+09:00  WARN 218109 --- [restarea-unit-service] [    Test worker] trationDelegate$BeanPostProcessorChecker : Bean 'org.springframework.cloud.loadbalancer.config.LoadBalancerAutoConfiguration' of type [org.springframework.cloud.loadbalancer.config.LoadBalancerAutoConfiguration] is not eligible for getting processed by all BeanPostProcessors (for example: not eligible for auto-proxying). Is this bean getting eagerly injected into a currently created BeanPostProcessor [lbRestClientPostProcessor]? Check the corresponding BeanPostProcessor declaration and its dependencies.
2025-10-24T17:08:17.516+09:00  WARN 218109 --- [restarea-unit-service] [    Test worker] trationDelegate$BeanPostProcessorChecker : Bean 'org.springframework.cloud.commons.config.CommonsConfigAutoConfiguration' of type [org.springframework.cloud.commons.config.CommonsConfigAutoConfiguration] is not eligible for getting processed by all BeanPostProcessors (for example: not eligible for auto-proxying). Is this bean getting eagerly injected into a currently created BeanPostProcessor [lbRestClientPostProcessor]? Check the corresponding BeanPostProcessor declaration and its dependencies.
2025-10-24T17:08:17.523+09:00  WARN 218109 --- [restarea-unit-service] [    Test worker] trationDelegate$BeanPostProcessorChecker : Bean 'org.springframework.cloud.client.loadbalancer.LoadBalancerDefaultMappingsProviderAutoConfiguration' of type [org.springframework.cloud.client.loadbalancer.LoadBalancerDefaultMappingsProviderAutoConfiguration] is not eligible for getting processed by all BeanPostProcessors (for example: not eligible for auto-proxying). Is this bean getting eagerly injected into a currently created BeanPostProcessor [lbRestClientPostProcessor]? Check the corresponding BeanPostProcessor declaration and its dependencies.
2025-10-24T17:08:17.525+09:00  WARN 218109 --- [restarea-unit-service] [    Test worker] trationDelegate$BeanPostProcessorChecker : Bean 'loadBalancerClientsDefaultsMappingsProvider' of type [org.springframework.cloud.client.loadbalancer.LoadBalancerDefaultMappingsProviderAutoConfiguration$$Lambda$1002/0x000070f76854d4b0] is not eligible for getting processed by all BeanPostProcessors (for example: not eligible for auto-proxying). Is this bean getting eagerly injected into a currently created BeanPostProcessor [lbRestClientPostProcessor]? Check the corresponding BeanPostProcessor declaration and its dependencies.
2025-10-24T17:08:17.528+09:00  WARN 218109 --- [restarea-unit-service] [    Test worker] trationDelegate$BeanPostProcessorChecker : Bean 'defaultsBindHandlerAdvisor' of type [org.springframework.cloud.commons.config.DefaultsBindHandlerAdvisor] is not eligible for getting processed by all BeanPostProcessors (for example: not eligible for auto-proxying). Is this bean getting eagerly injected into a currently created BeanPostProcessor [lbRestClientPostProcessor]? Check the corresponding BeanPostProcessor declaration and its dependencies.
2025-10-24T17:08:17.539+09:00  WARN 218109 --- [restarea-unit-service] [    Test worker] trationDelegate$BeanPostProcessorChecker : Bean 'spring.cloud.loadbalancer-org.springframework.cloud.client.loadbalancer.LoadBalancerClientsProperties' of type [org.springframework.cloud.client.loadbalancer.LoadBalancerClientsProperties] is not eligible for getting processed by all BeanPostProcessors (for example: not eligible for auto-proxying). Is this bean getting eagerly injected into a currently created BeanPostProcessor [lbRestClientPostProcessor]? Check the corresponding BeanPostProcessor declaration and its dependencies.
2025-10-24T17:08:17.548+09:00  WARN 218109 --- [restarea-unit-service] [    Test worker] trationDelegate$BeanPostProcessorChecker : Bean 'default.org.springframework.cloud.loadbalancer.config.LoadBalancerAutoConfiguration.LoadBalancerClientSpecification' of type [org.springframework.cloud.loadbalancer.annotation.LoadBalancerClientSpecification] is not eligible for getting processed by all BeanPostProcessors (for example: not eligible for auto-proxying). Is this bean getting eagerly injected into a currently created BeanPostProcessor [lbRestClientPostProcessor]? Check the corresponding BeanPostProcessor declaration and its dependencies.
2025-10-24T17:08:17.551+09:00  WARN 218109 --- [restarea-unit-service] [    Test worker] trationDelegate$BeanPostProcessorChecker : Bean 'default.org.springframework.cloud.loadbalancer.config.BlockingLoadBalancerClientAutoConfiguration.LoadBalancerClientSpecification' of type [org.springframework.cloud.loadbalancer.annotation.LoadBalancerClientSpecification] is not eligible for getting processed by all BeanPostProcessors (for example: not eligible for auto-proxying). Is this bean getting eagerly injected into a currently created BeanPostProcessor [lbRestClientPostProcessor]? Check the corresponding BeanPostProcessor declaration and its dependencies.
2025-10-24T17:08:17.552+09:00  WARN 218109 --- [restarea-unit-service] [    Test worker] trationDelegate$BeanPostProcessorChecker : Bean 'default.org.springframework.cloud.netflix.eureka.loadbalancer.LoadBalancerEurekaAutoConfiguration.LoadBalancerClientSpecification' of type [org.springframework.cloud.loadbalancer.annotation.LoadBalancerClientSpecification] is not eligible for getting processed by all BeanPostProcessors (for example: not eligible for auto-proxying). Is this bean getting eagerly injected into a currently created BeanPostProcessor [lbRestClientPostProcessor]? Check the corresponding BeanPostProcessor declaration and its dependencies.
2025-10-24T17:08:17.554+09:00  WARN 218109 --- [restarea-unit-service] [    Test worker] trationDelegate$BeanPostProcessorChecker : Bean 'loadBalancerClientFactory' of type [org.springframework.cloud.loadbalancer.support.LoadBalancerClientFactory] is not eligible for getting processed by all BeanPostProcessors (for example: not eligible for auto-proxying). Is this bean getting eagerly injected into a currently created BeanPostProcessor [lbRestClientPostProcessor]? Check the corresponding BeanPostProcessor declaration and its dependencies.
2025-10-24T17:08:17.559+09:00  WARN 218109 --- [restarea-unit-service] [    Test worker] trationDelegate$BeanPostProcessorChecker : Bean 'blockingLoadBalancerClient' of type [org.springframework.cloud.loadbalancer.blocking.client.BlockingLoadBalancerClient] is not eligible for getting processed by all BeanPostProcessors (for example: not eligible for auto-proxying). Is this bean getting eagerly injected into a currently created BeanPostProcessor [lbRestClientPostProcessor]? Check the corresponding BeanPostProcessor declaration and its dependencies.
2025-10-24T17:08:17.574+09:00  WARN 218109 --- [restarea-unit-service] [    Test worker] trationDelegate$BeanPostProcessorChecker : Bean 'loadBalancerServiceInstanceCookieTransformer' of type [org.springframework.cloud.loadbalancer.core.LoadBalancerServiceInstanceCookieTransformer] is not eligible for getting processed by all BeanPostProcessors (for example: not eligible for auto-proxying). Is this bean getting eagerly injected into a currently created BeanPostProcessor [lbRestClientPostProcessor]? Check the corresponding BeanPostProcessor declaration and its dependencies.
2025-10-24T17:08:17.578+09:00  WARN 218109 --- [restarea-unit-service] [    Test worker] trationDelegate$BeanPostProcessorChecker : Bean 'xForwarderHeadersTransformer' of type [org.springframework.cloud.loadbalancer.blocking.XForwardedHeadersTransformer] is not eligible for getting processed by all BeanPostProcessors (for example: not eligible for auto-proxying). Is this bean getting eagerly injected into a currently created BeanPostProcessor [lbRestClientPostProcessor]? Check the corresponding BeanPostProcessor declaration and its dependencies.
2025-10-24T17:08:17.579+09:00  WARN 218109 --- [restarea-unit-service] [    Test worker] trationDelegate$BeanPostProcessorChecker : Bean 'org.springframework.cloud.client.loadbalancer.LoadBalancerAutoConfiguration' of type [org.springframework.cloud.client.loadbalancer.LoadBalancerAutoConfiguration] is not eligible for getting processed by all BeanPostProcessors (for example: not eligible for auto-proxying). Is this bean getting eagerly injected into a currently created BeanPostProcessor [lbRestClientPostProcessor]? Check the corresponding BeanPostProcessor declaration and its dependencies.
2025-10-24T17:08:17.583+09:00  WARN 218109 --- [restarea-unit-service] [    Test worker] trationDelegate$BeanPostProcessorChecker : Bean 'loadBalancerRequestFactory' of type [org.springframework.cloud.client.loadbalancer.LoadBalancerRequestFactory] is not eligible for getting processed by all BeanPostProcessors (for example: not eligible for auto-proxying). Is this bean getting eagerly injected into a currently created BeanPostProcessor [lbRestClientPostProcessor]? Check the corresponding BeanPostProcessor declaration and its dependencies.
2025-10-24T17:08:17.586+09:00  WARN 218109 --- [restarea-unit-service] [    Test worker] trationDelegate$BeanPostProcessorChecker : Bean 'loadBalancerInterceptor' of type [org.springframework.cloud.client.loadbalancer.LoadBalancerInterceptor] is not eligible for getting processed by all BeanPostProcessors (for example: not eligible for auto-proxying). Is this bean getting eagerly injected into a currently created BeanPostProcessor [lbRestClientPostProcessor]? Check the corresponding BeanPostProcessor declaration and its dependencies.
2025-10-24T17:08:17.590+09:00  WARN 218109 --- [restarea-unit-service] [    Test worker] trationDelegate$BeanPostProcessorChecker : Bean 'org.springframework.cloud.client.loadbalancer.reactive.LoadBalancerBeanPostProcessorAutoConfiguration' of type [org.springframework.cloud.client.loadbalancer.reactive.LoadBalancerBeanPostProcessorAutoConfiguration] is not eligible for getting processed by all BeanPostProcessors (for example: not eligible for auto-proxying). The currently created BeanPostProcessor [loadBalancerWebClientBuilderBeanPostProcessor] is declared through a non-static factory method on that class; consider declaring it as static instead.
2025-10-24T17:08:17.593+09:00  WARN 218109 --- [restarea-unit-service] [    Test worker] trationDelegate$BeanPostProcessorChecker : Bean 'org.springframework.cloud.client.loadbalancer.reactive.LoadBalancerBeanPostProcessorAutoConfiguration$ReactorDeferringLoadBalancerFilterConfig' of type [org.springframework.cloud.client.loadbalancer.reactive.LoadBalancerBeanPostProcessorAutoConfiguration$ReactorDeferringLoadBalancerFilterConfig] is not eligible for getting processed by all BeanPostProcessors (for example: not eligible for auto-proxying). Is this bean getting eagerly injected into a currently created BeanPostProcessor [loadBalancerWebClientBuilderBeanPostProcessor]? Check the corresponding BeanPostProcessor declaration and its dependencies.
2025-10-24T17:08:17.595+09:00  WARN 218109 --- [restarea-unit-service] [    Test worker] trationDelegate$BeanPostProcessorChecker : Bean 'reactorDeferringLoadBalancerExchangeFilterFunction' of type [org.springframework.cloud.client.loadbalancer.reactive.DeferringLoadBalancerExchangeFilterFunction] is not eligible for getting processed by all BeanPostProcessors (for example: not eligible for auto-proxying). Is this bean getting eagerly injected into a currently created BeanPostProcessor [loadBalancerWebClientBuilderBeanPostProcessor]? Check the corresponding BeanPostProcessor declaration and its dependencies.
2025-10-24T17:08:17.801+09:00  INFO 218109 --- [restarea-unit-service] [    Test worker] o.hibernate.jpa.internal.util.LogHelper  : HHH000204: Processing PersistenceUnitInfo [name: default]
2025-10-24T17:08:17.887+09:00  INFO 218109 --- [restarea-unit-service] [    Test worker] org.hibernate.Version                    : HHH000412: Hibernate ORM core version 6.4.10.Final
2025-10-24T17:08:17.932+09:00  INFO 218109 --- [restarea-unit-service] [    Test worker] o.h.c.internal.RegionFactoryInitiator    : HHH000026: Second-level cache disabled
2025-10-24T17:08:18.211+09:00  INFO 218109 --- [restarea-unit-service] [    Test worker] o.s.o.j.p.SpringPersistenceUnitInfo      : No LoadTimeWeaver setup: ignoring JPA class transformer
2025-10-24T17:08:18.252+09:00  INFO 218109 --- [restarea-unit-service] [    Test worker] com.zaxxer.hikari.HikariDataSource       : HikariPool-1 - Starting...
2025-10-24T17:08:19.318+09:00  INFO 218109 --- [restarea-unit-service] [    Test worker] com.zaxxer.hikari.pool.HikariPool        : HikariPool-1 - Added connection org.mariadb.jdbc.Connection@231d3ce
2025-10-24T17:08:19.321+09:00  INFO 218109 --- [restarea-unit-service] [    Test worker] com.zaxxer.hikari.HikariDataSource       : HikariPool-1 - Start completed.
2025-10-24T17:08:19.366+09:00  WARN 218109 --- [restarea-unit-service] [    Test worker] org.hibernate.dialect.Dialect            : HHH000511: The 10.3.0 version for [org.hibernate.dialect.MariaDBDialect] is no longer supported, hence certain features may not work properly. The minimum supported version is 10.4.0. Check the community dialects project for available legacy versions.
2025-10-24T17:08:19.373+09:00  WARN 218109 --- [restarea-unit-service] [    Test worker] org.hibernate.orm.deprecation            : HHH90000025: MariaDBDialect does not need to be specified explicitly using 'hibernate.dialect' (remove the property setting and it will be selected by default)
2025-10-24T17:08:20.463+09:00  INFO 218109 --- [restarea-unit-service] [    Test worker] o.h.e.t.j.p.i.JtaPlatformInitiator       : HHH000489: No JTA platform available (set 'hibernate.transaction.jta.platform' to enable JTA platform integration)
2025-10-24T17:08:20.467+09:00  INFO 218109 --- [restarea-unit-service] [    Test worker] j.LocalContainerEntityManagerFactoryBean : Initialized JPA EntityManagerFactory for persistence unit 'default'
2025-10-24T17:08:21.122+09:00  WARN 218109 --- [restarea-unit-service] [    Test worker] JpaBaseConfiguration$JpaWebConfiguration : spring.jpa.open-in-view is enabled by default. Therefore, database queries may be performed during view rendering. Explicitly configure spring.jpa.open-in-view to disable this warning
2025-10-24T17:08:21.232+09:00  INFO 218109 --- [restarea-unit-service] [    Test worker] o.s.c.openfeign.FeignClientFactoryBean   : For 'restarea-service' URL not provided. Will try picking an instance via load-balancing.
2025-10-24T17:08:23.283+09:00  INFO 218109 --- [restarea-unit-service] [    Test worker] DiscoveryClientOptionalArgsConfiguration : Eureka HTTP Client uses RestTemplate.
2025-10-24T17:08:23.518+09:00  INFO 218109 --- [restarea-unit-service] [    Test worker] o.s.c.n.eureka.InstanceInfoFactory       : Setting initial instance status as: STARTING
2025-10-24T17:08:23.705+09:00  INFO 218109 --- [restarea-unit-service] [    Test worker] com.netflix.discovery.DiscoveryClient    : Initializing Eureka in region us-east-1
2025-10-24T17:08:23.713+09:00  INFO 218109 --- [restarea-unit-service] [    Test worker] c.n.d.s.r.aws.ConfigClusterResolver      : Resolving eureka endpoints via configuration
2025-10-24T17:08:23.743+09:00  INFO 218109 --- [restarea-unit-service] [    Test worker] com.netflix.discovery.DiscoveryClient    : Disable delta property : false
2025-10-24T17:08:23.743+09:00  INFO 218109 --- [restarea-unit-service] [    Test worker] com.netflix.discovery.DiscoveryClient    : Single vip registry refresh property : null
2025-10-24T17:08:23.743+09:00  INFO 218109 --- [restarea-unit-service] [    Test worker] com.netflix.discovery.DiscoveryClient    : Force full registry fetch : false
2025-10-24T17:08:23.743+09:00  INFO 218109 --- [restarea-unit-service] [    Test worker] com.netflix.discovery.DiscoveryClient    : Application is null : false
2025-10-24T17:08:23.743+09:00  INFO 218109 --- [restarea-unit-service] [    Test worker] com.netflix.discovery.DiscoveryClient    : Registered Applications size is zero : true
2025-10-24T17:08:23.743+09:00  INFO 218109 --- [restarea-unit-service] [    Test worker] com.netflix.discovery.DiscoveryClient    : Application version is -1: true
2025-10-24T17:08:23.744+09:00  INFO 218109 --- [restarea-unit-service] [    Test worker] com.netflix.discovery.DiscoveryClient    : Getting all instance registry info from the eureka server
2025-10-24T17:08:24.372+09:00  INFO 218109 --- [restarea-unit-service] [    Test worker] com.netflix.discovery.DiscoveryClient    : The response status is 200
2025-10-24T17:08:24.377+09:00  INFO 218109 --- [restarea-unit-service] [    Test worker] com.netflix.discovery.DiscoveryClient    : Starting heartbeat executor: renew interval is: 30
2025-10-24T17:08:24.382+09:00  INFO 218109 --- [restarea-unit-service] [    Test worker] c.n.discovery.InstanceInfoReplicator     : InstanceInfoReplicator onDemand update allowed rate per min is 4
2025-10-24T17:08:24.392+09:00  INFO 218109 --- [restarea-unit-service] [    Test worker] com.netflix.discovery.DiscoveryClient    : Discovery Client initialized at timestamp 1761293304391 with initial instances count: 5
2025-10-24T17:08:24.397+09:00  INFO 218109 --- [restarea-unit-service] [    Test worker] o.s.c.n.e.s.EurekaServiceRegistry        : Registering application RESTAREA-UNIT-SERVICE with eureka with status UP
2025-10-24T17:08:24.398+09:00  INFO 218109 --- [restarea-unit-service] [    Test worker] com.netflix.discovery.DiscoveryClient    : Saw local status change event StatusChangeEvent [timestamp=1761293304398, current=UP, previous=STARTING]
2025-10-24T17:08:24.400+09:00  INFO 218109 --- [restarea-unit-service] [nfoReplicator-0] com.netflix.discovery.DiscoveryClient    : DiscoveryClient_RESTAREA-UNIT-SERVICE/10.255.255.254:restarea-unit-service:8080: registering service...
2025-10-24T17:08:24.435+09:00  INFO 218109 --- [restarea-unit-service] [    Test worker] com.mini.mini_2.Mini2ApplicationTests    : Started Mini2ApplicationTests in 9.967 seconds (process running for 10.654)
2025-10-24T17:08:24.481+09:00  INFO 218109 --- [restarea-unit-service] [nfoReplicator-0] com.netflix.discovery.DiscoveryClient    : DiscoveryClient_RESTAREA-UNIT-SERVICE/10.255.255.254:restarea-unit-service:8080 - registration status: 204
]]></system-out>
  <system-err><![CDATA[]]></system-err>
</testsuite>
